# JRE version: OpenJDK Runtime Environment (8.0_152-b01) (build 1.8.0_152-release-915-b01)
# Java VM: OpenJDK 64-Bit Server VM (25.152-b01 mixed mode linux-amd64 compressed oops)
Heap:
 PSYoungGen      total 350208K, used 8304K [0x00000000e0000000, 0x00000000f8900000, 0x0000000100000000)
  eden space 321024K, 0% used [0x00000000e0000000,0x00000000e0000000,0x00000000f3980000)
  from space 29184K, 28% used [0x00000000f5000000,0x00000000f581c020,0x00000000f6c80000)
  to   space 13312K, 0% used [0x00000000f7c00000,0x00000000f7c00000,0x00000000f8900000)
 ParOldGen       total 105472K, used 74274K [0x00000000a0000000, 0x00000000a6700000, 0x00000000e0000000)
  object space 105472K, 70% used [0x00000000a0000000,0x00000000a48888c0,0x00000000a6700000)
 Metaspace       used 59593K, capacity 62004K, committed 62552K, reserved 1103872K
  class space    used 7851K, capacity 8426K, committed 8576K, reserved 1048576K
GC Heap History (10 events):
Event: 53.355 GC heap after
Heap after GC invocations=15 (full 3):
 PSYoungGen      total 263680K, used 0K [0x00000000e0000000, 0x00000000f1b00000, 0x0000000100000000)
  eden space 249856K, 0% used [0x00000000e0000000,0x00000000e0000000,0x00000000ef400000)
  from space 13824K, 0% used [0x00000000f0d80000,0x00000000f0d80000,0x00000000f1b00000)
  to   space 19968K, 0% used [0x00000000ef400000,0x00000000ef400000,0x00000000f0780000)
 ParOldGen       total 71680K, used 36190K [0x00000000a0000000, 0x00000000a4600000, 0x00000000e0000000)
  object space 71680K, 50% used [0x00000000a0000000,0x00000000a2357a58,0x00000000a4600000)
 Metaspace       used 56825K, capacity 58996K, committed 59028K, reserved 1099776K
  class space    used 7611K, capacity 8169K, committed 8192K, reserved 1048576K
}
Event: 55.497 GC heap before
{Heap before GC invocations=16 (full 3):
 PSYoungGen      total 263680K, used 222725K [0x00000000e0000000, 0x00000000f1b00000, 0x0000000100000000)
  eden space 249856K, 89% used [0x00000000e0000000,0x00000000ed981798,0x00000000ef400000)
  from space 13824K, 0% used [0x00000000f0d80000,0x00000000f0d80000,0x00000000f1b00000)
  to   space 19968K, 0% used [0x00000000ef400000,0x00000000ef400000,0x00000000f0780000)
 ParOldGen       total 71680K, used 36190K [0x00000000a0000000, 0x00000000a4600000, 0x00000000e0000000)
  object space 71680K, 50% used [0x00000000a0000000,0x00000000a2357a58,0x00000000a4600000)
 Metaspace       used 58078K, capacity 60332K, committed 60632K, reserved 1101824K
  class space    used 7785K, capacity 8343K, committed 8448K, reserved 1048576K
Event: 55.511 GC heap after
Heap after GC invocations=16 (full 3):
 PSYoungGen      total 269824K, used 19954K [0x00000000e0000000, 0x00000000f9a00000, 0x0000000100000000)
  eden space 249856K, 0% used [0x00000000e0000000,0x00000000e0000000,0x00000000ef400000)
  from space 19968K, 99% used [0x00000000ef400000,0x00000000f077cae8,0x00000000f0780000)
  to   space 30720K, 0% used [0x00000000f7c00000,0x00000000f7c00000,0x00000000f9a00000)
 ParOldGen       total 71680K, used 55995K [0x00000000a0000000, 0x00000000a4600000, 0x00000000e0000000)
  object space 71680K, 78% used [0x00000000a0000000,0x00000000a36aee60,0x00000000a4600000)
 Metaspace       used 58078K, capacity 60332K, committed 60632K, reserved 1101824K
  class space    used 7785K, capacity 8343K, committed 8448K, reserved 1048576K
}
Event: 55.512 GC heap before
{Heap before GC invocations=17 (full 4):
 PSYoungGen      total 269824K, used 19954K [0x00000000e0000000, 0x00000000f9a00000, 0x0000000100000000)
  eden space 249856K, 0% used [0x00000000e0000000,0x00000000e0000000,0x00000000ef400000)
  from space 19968K, 99% used [0x00000000ef400000,0x00000000f077cae8,0x00000000f0780000)
  to   space 30720K, 0% used [0x00000000f7c00000,0x00000000f7c00000,0x00000000f9a00000)
 ParOldGen       total 71680K, used 55995K [0x00000000a0000000, 0x00000000a4600000, 0x00000000e0000000)
  object space 71680K, 78% used [0x00000000a0000000,0x00000000a36aee60,0x00000000a4600000)
 Metaspace       used 58078K, capacity 60332K, committed 60632K, reserved 1101824K
  class space    used 7785K, capacity 8343K, committed 8448K, reserved 1048576K
Event: 55.618 GC heap after
Heap after GC invocations=17 (full 4):
 PSYoungGen      total 269824K, used 0K [0x00000000e0000000, 0x00000000f9a00000, 0x0000000100000000)
  eden space 249856K, 0% used [0x00000000e0000000,0x00000000e0000000,0x00000000ef400000)
  from space 19968K, 0% used [0x00000000ef400000,0x00000000ef400000,0x00000000f0780000)
  to   space 30720K, 0% used [0x00000000f7c00000,0x00000000f7c00000,0x00000000f9a00000)
 ParOldGen       total 106496K, used 58559K [0x00000000a0000000, 0x00000000a6800000, 0x00000000e0000000)
  object space 106496K, 54% used [0x00000000a0000000,0x00000000a392ff08,0x00000000a6800000)
 Metaspace       used 58078K, capacity 60332K, committed 60632K, reserved 1101824K
  class space    used 7785K, capacity 8343K, committed 8448K, reserved 1048576K
}
Event: 4779.940 GC heap before
{Heap before GC invocations=18 (full 4):
 PSYoungGen      total 269824K, used 248670K [0x00000000e0000000, 0x00000000f9a00000, 0x0000000100000000)
  eden space 249856K, 99% used [0x00000000e0000000,0x00000000ef2d7850,0x00000000ef400000)
  from space 19968K, 0% used [0x00000000ef400000,0x00000000ef400000,0x00000000f0780000)
  to   space 30720K, 0% used [0x00000000f7c00000,0x00000000f7c00000,0x00000000f9a00000)
 ParOldGen       total 106496K, used 58559K [0x00000000a0000000, 0x00000000a6800000, 0x00000000e0000000)
  object space 106496K, 54% used [0x00000000a0000000,0x00000000a392ff08,0x00000000a6800000)
 Metaspace       used 59492K, capacity 62122K, committed 62296K, reserved 1103872K
  class space    used 7889K, capacity 8526K, committed 8576K, reserved 1048576K
Event: 4782.694 GC heap after
Heap after GC invocations=18 (full 4):
 PSYoungGen      total 334336K, used 13071K [0x00000000e0000000, 0x00000000f8900000, 0x0000000100000000)
  eden space 321024K, 0% used [0x00000000e0000000,0x00000000e0000000,0x00000000f3980000)
  from space 13312K, 98% used [0x00000000f7c00000,0x00000000f88c3cb8,0x00000000f8900000)
  to   space 29184K, 0% used [0x00000000f5000000,0x00000000f5000000,0x00000000f6c80000)
 ParOldGen       total 106496K, used 90215K [0x00000000a0000000, 0x00000000a6800000, 0x00000000e0000000)
  object space 106496K, 84% used [0x00000000a0000000,0x00000000a5819f18,0x00000000a6800000)
 Metaspace       used 59492K, capacity 62122K, committed 62296K, reserved 1103872K
  class space    used 7889K, capacity 8526K, committed 8576K, reserved 1048576K
}
Event: 4782.694 GC heap before
{Heap before GC invocations=19 (full 5):
 PSYoungGen      total 334336K, used 13071K [0x00000000e0000000, 0x00000000f8900000, 0x0000000100000000)
  eden space 321024K, 0% used [0x00000000e0000000,0x00000000e0000000,0x00000000f3980000)
  from space 13312K, 98% used [0x00000000f7c00000,0x00000000f88c3cb8,0x00000000f8900000)
  to   space 29184K, 0% used [0x00000000f5000000,0x00000000f5000000,0x00000000f6c80000)
 ParOldGen       total 106496K, used 90215K [0x00000000a0000000, 0x00000000a6800000, 0x00000000e0000000)
  object space 106496K, 84% used [0x00000000a0000000,0x00000000a5819f18,0x00000000a6800000)
 Metaspace       used 59492K, capacity 62122K, committed 62296K, reserved 1103872K
  class space    used 7889K, capacity 8526K, committed 8576K, reserved 1048576K
Event: 4785.837 GC heap after
Heap after GC invocations=19 (full 5):
 PSYoungGen      total 334336K, used 0K [0x00000000e0000000, 0x00000000f8900000, 0x0000000100000000)
  eden space 321024K, 0% used [0x00000000e0000000,0x00000000e0000000,0x00000000f3980000)
  from space 13312K, 0% used [0x00000000f7c00000,0x00000000f7c00000,0x00000000f8900000)
  to   space 29184K, 0% used [0x00000000f5000000,0x00000000f5000000,0x00000000f6c80000)
 ParOldGen       total 105472K, used 42618K [0x00000000a0000000, 0x00000000a6700000, 0x00000000e0000000)
  object space 105472K, 40% used [0x00000000a0000000,0x00000000a299e8b0,0x00000000a6700000)
 Metaspace       used 58950K, capacity 61216K, committed 62296K, reserved 1103872K
  class space    used 7773K, capacity 8279K, committed 8576K, reserved 1048576K
}
Event: 5114.562 GC heap before
{Heap before GC invocations=20 (full 5):
 PSYoungGen      total 334336K, used 321024K [0x00000000e0000000, 0x00000000f8900000, 0x0000000100000000)
  eden space 321024K, 100% used [0x00000000e0000000,0x00000000f3980000,0x00000000f3980000)
  from space 13312K, 0% used [0x00000000f7c00000,0x00000000f7c00000,0x00000000f8900000)
  to   space 29184K, 0% used [0x00000000f5000000,0x00000000f5000000,0x00000000f6c80000)
 ParOldGen       total 105472K, used 42618K [0x00000000a0000000, 0x00000000a6700000, 0x00000000e0000000)
  object space 105472K, 40% used [0x00000000a0000000,0x00000000a299e8b0,0x00000000a6700000)
 Metaspace       used 59593K, capacity 62004K, committed 62552K, reserved 1103872K
  class space    used 7851K, capacity 8426K, committed 8576K, reserved 1048576K

